<?xml version="1.0" encoding="UTF-8"?>
<!-- Generated by org.testng.reporters.JUnitXMLReporter -->
<testsuite ignored="0" hostname="DESKTOP-62MK6Q3" failures="0" tests="4" name="Test4" time="41.241" errors="0" timestamp="2023-02-17T13:23:31 IST">
  <testcase classname="com.tcsion.Admin.scripts.AdminLogClass" name="verifyinvalid1AdminLogin" time="2.433"/>
  <testcase classname="com.tcsion.Admin.scripts.AdminLogClass" name="verifyinvalid2AdminLogin" time="7.176"/>
  <testcase classname="com.tcsion.Admin.scripts.AdminLogClass" name="verifyinvalid3dminLogin" time="2.366"/>
  <testcase classname="com.tcsion.Admin.scripts.AdminLogClass" name="verifyAdminLogin" time="11.433"/>
</testsuite> <!-- Test4 -->
