<?xml version="1.0" encoding="UTF-8"?>
<testng-results ignored="0" total="1" passed="1" failed="0" skipped="0">
  <reporter-output>
  </reporter-output>
  <suite started-at="2023-02-17T18:54:29 IST" name="Default suite" finished-at="2023-02-17T18:56:32 IST" duration-ms="122623">
    <groups>
    </groups>
    <test started-at="2023-02-17T18:54:29 IST" name="Default test" finished-at="2023-02-17T18:56:32 IST" duration-ms="122623">
      <class name="com.tcsion.Admin.scripts.AdminBookingClass">
        <test-method is-config="true" signature="onSetup()[pri:0, instance:com.tcsion.Admin.scripts.AdminBookingClass@4fb0f2b9]" started-at="2023-02-17T18:53:42 IST" name="onSetup" finished-at="2023-02-17T18:54:29 IST" duration-ms="46795" status="PASS">
          <reporter-output>
          </reporter-output>
        </test-method> <!-- onSetup -->
        <test-method is-config="true" signature="verifyAdminLogin()[pri:0, instance:com.tcsion.Admin.scripts.AdminBookingClass@4fb0f2b9]" started-at="2023-02-17T18:54:29 IST" name="verifyAdminLogin" finished-at="2023-02-17T18:55:48 IST" duration-ms="78207" status="PASS">
          <reporter-output>
          </reporter-output>
        </test-method> <!-- verifyAdminLogin -->
        <test-method signature="verifyAdminBooking()[pri:0, instance:com.tcsion.Admin.scripts.AdminBookingClass@4fb0f2b9]" started-at="2023-02-17T18:55:48 IST" name="verifyAdminBooking" finished-at="2023-02-17T18:56:25 IST" duration-ms="37305" status="PASS">
          <reporter-output>
          </reporter-output>
        </test-method> <!-- verifyAdminBooking -->
        <test-method is-config="true" signature="logout()[pri:0, instance:com.tcsion.Admin.scripts.AdminBookingClass@4fb0f2b9]" started-at="2023-02-17T18:56:25 IST" name="logout" finished-at="2023-02-17T18:56:32 IST" duration-ms="6929" status="PASS">
          <reporter-output>
          </reporter-output>
        </test-method> <!-- logout -->
        <test-method is-config="true" signature="tearDown()[pri:0, instance:com.tcsion.Admin.scripts.AdminBookingClass@4fb0f2b9]" started-at="2023-02-17T18:56:34 IST" name="tearDown" finished-at="2023-02-17T18:56:36 IST" duration-ms="2501" status="PASS">
          <reporter-output>
          </reporter-output>
        </test-method> <!-- tearDown -->
      </class> <!-- com.tcsion.Admin.scripts.AdminBookingClass -->
    </test> <!-- Default test -->
  </suite> <!-- Default suite -->
</testng-results>
